<?xml version="1.0" encoding="UTF-8"?>
<!-- Generated by org.testng.reporters.JUnitXMLReporter -->
<testsuite ignored="0" hostname="DESKTOP-OSVHEDQ" failures="2" tests="2" name="Default test(failed)" time="0.059" errors="0" timestamp="2024-02-01T10:43:42 IST">
  <testcase classname="program.logintest" name="initialization" time="0.0">
    <failure type="org.testng.TestNGException" message="
Parameter &amp;apos;url&amp;apos; is required by @Test on method initialization but has not been marked @Optional or defined
in C:\Users\Swaraj\eclipse-workspace\javaprogram\test-output\testng-failed.xml">
      <![CDATA[org.testng.TestNGException: 
Parameter 'url' is required by @Test on method initialization but has not been marked @Optional or defined
in C:\Users\Swaraj\eclipse-workspace\javaprogram\test-output\testng-failed.xml
at java.base/java.util.ArrayList.forEach(ArrayList.java:1511)
... Removed 26 stack frames]]>
    </failure>
  </testcase> <!-- initialization -->
  <testcase classname="program.logintest" name="loginpage" time="0.0">
    <failure type="org.testng.TestNGException" message="
Parameter &amp;apos;usernamr&amp;apos; is required by @Test on method loginpage but has not been marked @Optional or defined
in C:\Users\Swaraj\eclipse-workspace\javaprogram\test-output\testng-failed.xml">
      <![CDATA[org.testng.TestNGException: 
Parameter 'usernamr' is required by @Test on method loginpage but has not been marked @Optional or defined
in C:\Users\Swaraj\eclipse-workspace\javaprogram\test-output\testng-failed.xml
at java.base/java.util.ArrayList.forEach(ArrayList.java:1511)
... Removed 26 stack frames]]>
    </failure>
  </testcase> <!-- loginpage -->
</testsuite> <!-- Default test(failed) -->
